[ 2016-11-29T15:36:32+08:00 ] ::1 /tp/api/stuclass?stuid=2014210014
INFO: [ app_init ] --START--
INFO: Run Behavior\BuildLiteBehavior [ RunTime:0.000030s ]
INFO: [ app_init ] --END-- [ RunTime:0.003913s ]
INFO: [ app_begin ] --START--
INFO: Run Behavior\ReadHtmlCacheBehavior [ RunTime:0.004081s ]
INFO: [ app_begin ] --END-- [ RunTime:0.004220s ]
ERR: syntax error, unexpected '}', expecting ';'

[ 2016-11-29T15:37:25+08:00 ] ::1 /tp/api/stuclass?stuid=2014210014
INFO: [ app_init ] --START--
INFO: Run Behavior\BuildLiteBehavior [ RunTime:0.000013s ]
INFO: [ app_init ] --END-- [ RunTime:0.000337s ]
INFO: [ app_begin ] --START--
INFO: Run Behavior\ReadHtmlCacheBehavior [ RunTime:0.000499s ]
INFO: [ app_begin ] --END-- [ RunTime:0.000548s ]
SQL: SHOW COLUMNS FROM `rel_user_stuid` [ RunTime:0.0033s ]
SQL: SELECT * FROM `rel_user_stuid` WHERE `stuid` = '2014210014' LIMIT 1   [ RunTime:0.0003s ]
SQL: SELECT * FROM course LEFT JOIN rel_stuid_course ON id=course_id WHERE stuid=2014210014 [ RunTime:0.0003s ]

[ 2016-11-29T16:06:12+08:00 ] ::1 /tp/api
INFO: [ app_init ] --START--
INFO: Run Behavior\BuildLiteBehavior [ RunTime:0.000028s ]
INFO: [ app_init ] --END-- [ RunTime:0.004056s ]
INFO: [ app_begin ] --START--
INFO: Run Behavior\ReadHtmlCacheBehavior [ RunTime:0.003925s ]
INFO: [ app_begin ] --END-- [ RunTime:0.004040s ]
INFO: [ app_end ] --START--
INFO: Run Behavior\ShowPageTraceBehavior [ RunTime:0.004108s ]
INFO: [ app_end ] --END-- [ RunTime:0.004238s ]

[ 2016-11-29T16:28:55+08:00 ] ::1 /tp/api
INFO: [ app_init ] --START--
INFO: Run Behavior\BuildLiteBehavior [ RunTime:0.000028s ]
INFO: [ app_init ] --END-- [ RunTime:0.004009s ]
INFO: [ app_begin ] --START--
INFO: Run Behavior\ReadHtmlCacheBehavior [ RunTime:0.003987s ]
INFO: [ app_begin ] --END-- [ RunTime:0.004105s ]
INFO: [ app_end ] --START--
INFO: Run Behavior\ShowPageTraceBehavior [ RunTime:0.004120s ]
INFO: [ app_end ] --END-- [ RunTime:0.004243s ]

[ 2016-11-29T16:51:19+08:00 ] ::1 /tp/api/stucourse?stuid=2014210014
INFO: [ app_init ] --START--
INFO: Run Behavior\BuildLiteBehavior [ RunTime:0.000017s ]
INFO: [ app_init ] --END-- [ RunTime:0.000642s ]
INFO: [ app_begin ] --START--
INFO: Run Behavior\ReadHtmlCacheBehavior [ RunTime:0.003929s ]
INFO: [ app_begin ] --END-- [ RunTime:0.003999s ]
SQL: SHOW COLUMNS FROM `rel_user_stuid` [ RunTime:0.0032s ]
SQL: SELECT * FROM `rel_user_stuid` WHERE `stuid` = '2014210014' LIMIT 1   [ RunTime:0.0003s ]
SQL: SELECT * FROM course LEFT JOIN rel_stuid_course ON id=course_id WHERE stuid=2014210014 [ RunTime:0.0003s ]

[ 2016-11-29T18:53:52+08:00 ] ::1 /tcs/api
INFO: [ app_init ] --START--
INFO: Run Behavior\BuildLiteBehavior [ RunTime:0.000030s ]
INFO: [ app_init ] --END-- [ RunTime:0.004000s ]
INFO: [ app_begin ] --START--
INFO: Run Behavior\ReadHtmlCacheBehavior [ RunTime:0.003812s ]
INFO: [ app_begin ] --END-- [ RunTime:0.003931s ]
INFO: [ app_end ] --START--
INFO: Run Behavior\ShowPageTraceBehavior [ RunTime:0.004186s ]
INFO: [ app_end ] --END-- [ RunTime:0.004312s ]

[ 2016-11-29T19:09:01+08:00 ] ::1 /tcs/api/login
INFO: [ app_init ] --START--
INFO: Run Behavior\BuildLiteBehavior [ RunTime:0.000011s ]
INFO: [ app_init ] --END-- [ RunTime:0.000358s ]
INFO: [ app_begin ] --START--
INFO: Run Behavior\ReadHtmlCacheBehavior [ RunTime:0.000462s ]
INFO: [ app_begin ] --END-- [ RunTime:0.000504s ]

[ 2016-11-29T19:09:04+08:00 ] ::1 /tcs/api/stuCourse
INFO: [ app_init ] --START--
INFO: Run Behavior\BuildLiteBehavior [ RunTime:0.000012s ]
INFO: [ app_init ] --END-- [ RunTime:0.000362s ]
INFO: [ app_begin ] --START--
INFO: Run Behavior\ReadHtmlCacheBehavior [ RunTime:0.000410s ]
INFO: [ app_begin ] --END-- [ RunTime:0.000450s ]

[ 2016-11-29T19:09:09+08:00 ] ::1 /tcs/api/stuCourse?stuid
INFO: [ app_init ] --START--
INFO: Run Behavior\BuildLiteBehavior [ RunTime:0.000011s ]
INFO: [ app_init ] --END-- [ RunTime:0.000305s ]
INFO: [ app_begin ] --START--
INFO: Run Behavior\ReadHtmlCacheBehavior [ RunTime:0.000411s ]
INFO: [ app_begin ] --END-- [ RunTime:0.000455s ]

[ 2016-11-29T19:09:13+08:00 ] ::1 /tcs/api/stuCourse?stuid=2014210014
INFO: [ app_init ] --START--
INFO: Run Behavior\BuildLiteBehavior [ RunTime:0.000014s ]
INFO: [ app_init ] --END-- [ RunTime:0.000410s ]
INFO: [ app_begin ] --START--
INFO: Run Behavior\ReadHtmlCacheBehavior [ RunTime:0.000527s ]
INFO: [ app_begin ] --END-- [ RunTime:0.000581s ]
SQL: SHOW COLUMNS FROM `rel_user_stuid` [ RunTime:0.0075s ]
SQL: SELECT * FROM `rel_user_stuid` WHERE `stuid` = '2014210014' LIMIT 1   [ RunTime:0.0004s ]
SQL: SELECT * FROM course LEFT JOIN rel_stuid_course ON id=course_id WHERE stuid=2014210014 [ RunTime:0.0005s ]

